#! /c/Source/iverilog-install/bin/vvp
:ivl_version "12.0 (devel)" "(s20150603-1110-g18392a46)";
:ivl_delay_selection "TYPICAL";
:vpi_time_precision + 0;
:vpi_module "C:\iverilog\lib\ivl\system.vpi";
:vpi_module "C:\iverilog\lib\ivl\vhdl_sys.vpi";
:vpi_module "C:\iverilog\lib\ivl\vhdl_textio.vpi";
:vpi_module "C:\iverilog\lib\ivl\v2005_math.vpi";
:vpi_module "C:\iverilog\lib\ivl\va_math.vpi";
S_0000020fd617ab80 .scope module, "jc" "jc" 2 1;
 .timescale 0 0;
    .port_info 0 /INPUT 1 "clk";
    .port_info 1 /INPUT 1 "rst";
    .port_info 2 /OUTPUT 4 "q";
L_0000020fd617ef50 .functor NOT 1, L_0000020fd6281da0, C4<0>, C4<0>, C4<0>;
v0000020fd6281bc0_0 .net *"_ivl_3", 0 0, L_0000020fd6281da0;  1 drivers
o0000020fd6236fd8 .functor BUFZ 1, C4<z>; HiZ drive
v0000020fd6282700_0 .net "clk", 0 0, o0000020fd6236fd8;  0 drivers
v0000020fd6282480_0 .net "q", 3 0, L_0000020fd62820c0;  1 drivers
o0000020fd6237068 .functor BUFZ 1, C4<z>; HiZ drive
v0000020fd6281c60_0 .net "rst", 0 0, o0000020fd6237068;  0 drivers
L_0000020fd6281da0 .part L_0000020fd62820c0, 3, 1;
L_0000020fd62825c0 .part L_0000020fd62820c0, 0, 1;
L_0000020fd62822a0 .part L_0000020fd62820c0, 1, 1;
L_0000020fd62820c0 .concat8 [ 1 1 1 1], v0000020fd6179780_0, v0000020fd617af40_0, v0000020fd6234f40_0, v0000020fd6281d00_0;
L_0000020fd6282160 .part L_0000020fd62820c0, 2, 1;
S_0000020fd617ad10 .scope module, "df1" "dff" 2 6, 2 12 0, S_0000020fd617ab80;
 .timescale 0 0;
    .port_info 0 /OUTPUT 1 "q";
    .port_info 1 /INPUT 1 "d";
    .port_info 2 /INPUT 1 "clk";
    .port_info 3 /INPUT 1 "rst";
v0000020fd617a900_0 .net "clk", 0 0, o0000020fd6236fd8;  alias, 0 drivers
v0000020fd617a600_0 .net "d", 0 0, L_0000020fd617ef50;  1 drivers
v0000020fd6179780_0 .var "q", 0 0;
v0000020fd617a430_0 .net "rst", 0 0, o0000020fd6237068;  alias, 0 drivers
E_0000020fd617ba10 .event posedge, v0000020fd617a900_0;
S_0000020fd62024d0 .scope module, "df2" "dff" 2 7, 2 12 0, S_0000020fd617ab80;
 .timescale 0 0;
    .port_info 0 /OUTPUT 1 "q";
    .port_info 1 /INPUT 1 "d";
    .port_info 2 /INPUT 1 "clk";
    .port_info 3 /INPUT 1 "rst";
v0000020fd617c510_0 .net "clk", 0 0, o0000020fd6236fd8;  alias, 0 drivers
v0000020fd617aea0_0 .net "d", 0 0, L_0000020fd62825c0;  1 drivers
v0000020fd617af40_0 .var "q", 0 0;
v0000020fd6202660_0 .net "rst", 0 0, o0000020fd6237068;  alias, 0 drivers
S_0000020fd6202700 .scope module, "df3" "dff" 2 8, 2 12 0, S_0000020fd617ab80;
 .timescale 0 0;
    .port_info 0 /OUTPUT 1 "q";
    .port_info 1 /INPUT 1 "d";
    .port_info 2 /INPUT 1 "clk";
    .port_info 3 /INPUT 1 "rst";
v0000020fd6202890_0 .net "clk", 0 0, o0000020fd6236fd8;  alias, 0 drivers
v0000020fd6234ea0_0 .net "d", 0 0, L_0000020fd62822a0;  1 drivers
v0000020fd6234f40_0 .var "q", 0 0;
v0000020fd6234fe0_0 .net "rst", 0 0, o0000020fd6237068;  alias, 0 drivers
S_0000020fd6235080 .scope module, "df4" "dff" 2 9, 2 12 0, S_0000020fd617ab80;
 .timescale 0 0;
    .port_info 0 /OUTPUT 1 "q";
    .port_info 1 /INPUT 1 "d";
    .port_info 2 /INPUT 1 "clk";
    .port_info 3 /INPUT 1 "rst";
v0000020fd6235210_0 .net "clk", 0 0, o0000020fd6236fd8;  alias, 0 drivers
v0000020fd62352b0_0 .net "d", 0 0, L_0000020fd6282160;  1 drivers
v0000020fd6281d00_0 .var "q", 0 0;
v0000020fd6282340_0 .net "rst", 0 0, o0000020fd6237068;  alias, 0 drivers
    .scope S_0000020fd617ad10;
T_0 ;
    %wait E_0000020fd617ba10;
    %load/vec4 v0000020fd617a430_0;
    %flag_set/vec4 8;
    %jmp/0xz  T_0.0, 8;
    %pushi/vec4 0, 0, 1;
    %store/vec4 v0000020fd6179780_0, 0, 1;
    %jmp T_0.1;
T_0.0 ;
    %load/vec4 v0000020fd617a600_0;
    %store/vec4 v0000020fd6179780_0, 0, 1;
T_0.1 ;
    %jmp T_0;
    .thread T_0;
    .scope S_0000020fd62024d0;
T_1 ;
    %wait E_0000020fd617ba10;
    %load/vec4 v0000020fd6202660_0;
    %flag_set/vec4 8;
    %jmp/0xz  T_1.0, 8;
    %pushi/vec4 0, 0, 1;
    %store/vec4 v0000020fd617af40_0, 0, 1;
    %jmp T_1.1;
T_1.0 ;
    %load/vec4 v0000020fd617aea0_0;
    %store/vec4 v0000020fd617af40_0, 0, 1;
T_1.1 ;
    %jmp T_1;
    .thread T_1;
    .scope S_0000020fd6202700;
T_2 ;
    %wait E_0000020fd617ba10;
    %load/vec4 v0000020fd6234fe0_0;
    %flag_set/vec4 8;
    %jmp/0xz  T_2.0, 8;
    %pushi/vec4 0, 0, 1;
    %store/vec4 v0000020fd6234f40_0, 0, 1;
    %jmp T_2.1;
T_2.0 ;
    %load/vec4 v0000020fd6234ea0_0;
    %store/vec4 v0000020fd6234f40_0, 0, 1;
T_2.1 ;
    %jmp T_2;
    .thread T_2;
    .scope S_0000020fd6235080;
T_3 ;
    %wait E_0000020fd617ba10;
    %load/vec4 v0000020fd6282340_0;
    %flag_set/vec4 8;
    %jmp/0xz  T_3.0, 8;
    %pushi/vec4 0, 0, 1;
    %store/vec4 v0000020fd6281d00_0, 0, 1;
    %jmp T_3.1;
T_3.0 ;
    %load/vec4 v0000020fd62352b0_0;
    %store/vec4 v0000020fd6281d00_0, 0, 1;
T_3.1 ;
    %jmp T_3;
    .thread T_3;
# The file index is used to find the file name in the following table.
:file_names 3;
    "N/A";
    "<interactive>";
    "design.v";
